{"name":"challenge-cintelink","hostname":"DESKTOP-D0A346N","pid":18292,"level":30,"msg":"--> New request: GET:/api/tags/user/1","time":"2022-05-29T22:12:55.185Z","v":0}
{"name":"challenge-cintelink","hostname":"DESKTOP-D0A346N","pid":18292,"level":30,"msg":"Mozilla/5.0 (Windows NT 10.0; Win64; x64) AppleWebKit/537.36 (KHTML, like Gecko) Chrome/101.0.4951.64 Safari/537.36 Edg/101.0.1210.53","time":"2022-05-29T22:12:55.186Z","v":0}
{"name":"challenge-cintelink","hostname":"DESKTOP-D0A346N","pid":18292,"level":30,"msg":"undefined","time":"2022-05-29T22:12:55.186Z","v":0}
{"name":"challenge-cintelink","hostname":"DESKTOP-D0A346N","pid":18292,"level":30,"msg":"29/5/2022 19:12:55","time":"2022-05-29T22:12:55.186Z","v":0}
{"name":"challenge-cintelink","hostname":"DESKTOP-D0A346N","pid":16736,"level":30,"msg":"--> New request: OPTIONS:/api/users","time":"2022-05-29T22:49:22.370Z","v":0}
{"name":"challenge-cintelink","hostname":"DESKTOP-D0A346N","pid":16736,"level":30,"msg":"Mozilla/5.0 (Windows NT 10.0; Win64; x64) AppleWebKit/537.36 (KHTML, like Gecko) Chrome/101.0.4951.64 Safari/537.36 Edg/101.0.1210.53","time":"2022-05-29T22:49:22.371Z","v":0}
{"name":"challenge-cintelink","hostname":"DESKTOP-D0A346N","pid":16736,"level":30,"msg":"http://127.0.0.1:5501","time":"2022-05-29T22:49:22.371Z","v":0}
{"name":"challenge-cintelink","hostname":"DESKTOP-D0A346N","pid":16736,"level":30,"msg":"--> New request: POST:/api/users","time":"2022-05-29T22:49:22.402Z","v":0}
{"name":"challenge-cintelink","hostname":"DESKTOP-D0A346N","pid":16736,"level":30,"msg":"Mozilla/5.0 (Windows NT 10.0; Win64; x64) AppleWebKit/537.36 (KHTML, like Gecko) Chrome/101.0.4951.64 Safari/537.36 Edg/101.0.1210.53","time":"2022-05-29T22:49:22.402Z","v":0}
{"name":"challenge-cintelink","hostname":"DESKTOP-D0A346N","pid":16736,"level":30,"msg":"http://127.0.0.1:5501","time":"2022-05-29T22:49:22.402Z","v":0}
{"name":"challenge-cintelink","hostname":"DESKTOP-D0A346N","pid":16736,"level":30,"msg":"--> New request: GET:/api/notifications","time":"2022-05-29T22:49:22.500Z","v":0}
{"name":"challenge-cintelink","hostname":"DESKTOP-D0A346N","pid":16736,"level":30,"msg":"Mozilla/5.0 (Windows NT 10.0; Win64; x64) AppleWebKit/537.36 (KHTML, like Gecko) Chrome/101.0.4951.64 Safari/537.36 Edg/101.0.1210.53","time":"2022-05-29T22:49:22.500Z","v":0}
{"name":"challenge-cintelink","hostname":"DESKTOP-D0A346N","pid":16736,"level":30,"msg":"http://127.0.0.1:5501","time":"2022-05-29T22:49:22.500Z","v":0}
{"name":"challenge-cintelink","hostname":"DESKTOP-D0A346N","pid":16736,"level":30,"msg":"--> New request: GET:/api/tags","time":"2022-05-29T22:49:22.538Z","v":0}
{"name":"challenge-cintelink","hostname":"DESKTOP-D0A346N","pid":16736,"level":30,"msg":"Mozilla/5.0 (Windows NT 10.0; Win64; x64) AppleWebKit/537.36 (KHTML, like Gecko) Chrome/101.0.4951.64 Safari/537.36 Edg/101.0.1210.53","time":"2022-05-29T22:49:22.538Z","v":0}
{"name":"challenge-cintelink","hostname":"DESKTOP-D0A346N","pid":16736,"level":30,"msg":"http://127.0.0.1:5501","time":"2022-05-29T22:49:22.538Z","v":0}
{"name":"challenge-cintelink","hostname":"DESKTOP-D0A346N","pid":42076,"level":30,"msg":"--> New request: GET:/api/tags/user/1","time":"2022-05-30T10:32:06.103Z","v":0}
{"name":"challenge-cintelink","hostname":"DESKTOP-D0A346N","pid":42076,"level":30,"msg":"Mozilla/5.0 (Windows NT 10.0; Win64; x64) AppleWebKit/537.36 (KHTML, like Gecko) Chrome/101.0.4951.64 Safari/537.36 Edg/101.0.1210.53","time":"2022-05-30T10:32:06.103Z","v":0}
{"name":"challenge-cintelink","hostname":"DESKTOP-D0A346N","pid":42076,"level":30,"msg":"undefined","time":"2022-05-30T10:32:06.103Z","v":0}
{"name":"challenge-cintelink","hostname":"DESKTOP-D0A346N","pid":39656,"level":30,"msg":"--> New request: GET:/api/tags/user/1","time":"2022-05-30T10:32:48.919Z","v":0}
{"name":"challenge-cintelink","hostname":"DESKTOP-D0A346N","pid":39656,"level":30,"msg":"Mozilla/5.0 (Windows NT 10.0; Win64; x64) AppleWebKit/537.36 (KHTML, like Gecko) Chrome/101.0.4951.64 Safari/537.36 Edg/101.0.1210.53","time":"2022-05-30T10:32:48.920Z","v":0}
{"name":"challenge-cintelink","hostname":"DESKTOP-D0A346N","pid":39656,"level":30,"msg":"undefined","time":"2022-05-30T10:32:48.920Z","v":0}
{"name":"challenge-cintelink","hostname":"DESKTOP-D0A346N","pid":39656,"level":30,"msg":"--> New request: GET:/api/tags/user/1","time":"2022-05-30T10:32:52.965Z","v":0}
{"name":"challenge-cintelink","hostname":"DESKTOP-D0A346N","pid":39656,"level":30,"msg":"Mozilla/5.0 (Windows NT 10.0; Win64; x64) AppleWebKit/537.36 (KHTML, like Gecko) Chrome/101.0.4951.64 Safari/537.36 Edg/101.0.1210.53","time":"2022-05-30T10:32:52.965Z","v":0}
{"name":"challenge-cintelink","hostname":"DESKTOP-D0A346N","pid":39656,"level":30,"msg":"undefined","time":"2022-05-30T10:32:52.965Z","v":0}
